[02-May-2016 21:12:02 UTC] PHP Fatal error:  Call to undefined function add_metaboxes_puertas() in /Users/rauldezamacona/Documents/sites/tnr/wp-content/themes/Parallax-One/inc/metaboxes.php on line 16
[02-May-2016 21:12:04 UTC] PHP Fatal error:  Call to undefined function add_metaboxes_puertas() in /Users/rauldezamacona/Documents/sites/tnr/wp-content/themes/Parallax-One/inc/metaboxes.php on line 16
[02-May-2016 21:12:14 UTC] PHP Fatal error:  Call to undefined function add_metaboxes_puertas() in /Users/rauldezamacona/Documents/sites/tnr/wp-content/themes/Parallax-One/inc/metaboxes.php on line 16
[02-May-2016 21:12:17 UTC] PHP Fatal error:  Call to undefined function add_metaboxes_puertas() in /Users/rauldezamacona/Documents/sites/tnr/wp-content/themes/Parallax-One/inc/metaboxes.php on line 16
[02-May-2016 21:12:27 UTC] PHP Fatal error:  Call to undefined function add_metaboxes_puertas() in /Users/rauldezamacona/Documents/sites/tnr/wp-content/themes/Parallax-One/inc/metaboxes.php on line 16
[02-May-2016 22:36:41 UTC] PHP Catchable fatal error:  Object of class WP_Term could not be converted to string in /Users/rauldezamacona/Documents/sites/tnr/wp-content/themes/Parallax-One/sections/parallax_one_our_services_section.php on line 33
[02-May-2016 22:36:49 UTC] PHP Catchable fatal error:  Object of class WP_Term could not be converted to string in /Users/rauldezamacona/Documents/sites/tnr/wp-content/themes/Parallax-One/sections/parallax_one_our_services_section.php on line 33
[02-May-2016 22:38:21 UTC] PHP Catchable fatal error:  Object of class WP_Term could not be converted to string in /Users/rauldezamacona/Documents/sites/tnr/wp-content/themes/Parallax-One/sections/parallax_one_our_services_section.php on line 33
[02-May-2016 22:40:45 UTC] PHP Catchable fatal error:  Object of class WP_Term could not be converted to string in /Users/rauldezamacona/Documents/sites/tnr/wp-content/themes/Parallax-One/sections/parallax_one_our_services_section.php on line 33
[02-May-2016 22:42:18 UTC] PHP Notice:  Undefined variable: value in /Users/rauldezamacona/Documents/sites/tnr/wp-content/themes/Parallax-One/sections/parallax_one_our_services_section.php on line 33
[02-May-2016 22:42:18 UTC] PHP Notice:  Undefined variable: value in /Users/rauldezamacona/Documents/sites/tnr/wp-content/themes/Parallax-One/sections/parallax_one_our_services_section.php on line 36
[02-May-2016 22:42:18 UTC] PHP Notice:  Undefined variable: value in /Users/rauldezamacona/Documents/sites/tnr/wp-content/themes/Parallax-One/sections/parallax_one_our_services_section.php on line 33
[02-May-2016 22:42:18 UTC] PHP Notice:  Undefined variable: value in /Users/rauldezamacona/Documents/sites/tnr/wp-content/themes/Parallax-One/sections/parallax_one_our_services_section.php on line 36
[02-May-2016 22:42:18 UTC] PHP Notice:  Undefined variable: value in /Users/rauldezamacona/Documents/sites/tnr/wp-content/themes/Parallax-One/sections/parallax_one_our_services_section.php on line 33
[02-May-2016 22:42:18 UTC] PHP Notice:  Undefined variable: value in /Users/rauldezamacona/Documents/sites/tnr/wp-content/themes/Parallax-One/sections/parallax_one_our_services_section.php on line 36
[02-May-2016 22:42:28 UTC] PHP Notice:  Undefined variable: value in /Users/rauldezamacona/Documents/sites/tnr/wp-content/themes/Parallax-One/sections/parallax_one_our_services_section.php on line 33
[02-May-2016 22:42:28 UTC] PHP Notice:  Undefined variable: value in /Users/rauldezamacona/Documents/sites/tnr/wp-content/themes/Parallax-One/sections/parallax_one_our_services_section.php on line 36
[02-May-2016 22:42:28 UTC] PHP Notice:  Trying to get property of non-object in /Users/rauldezamacona/Documents/sites/tnr/wp-content/themes/Parallax-One/sections/parallax_one_our_services_section.php on line 36
[02-May-2016 22:42:28 UTC] PHP Notice:  Undefined variable: value in /Users/rauldezamacona/Documents/sites/tnr/wp-content/themes/Parallax-One/sections/parallax_one_our_services_section.php on line 33
[02-May-2016 22:42:28 UTC] PHP Notice:  Undefined variable: value in /Users/rauldezamacona/Documents/sites/tnr/wp-content/themes/Parallax-One/sections/parallax_one_our_services_section.php on line 36
[02-May-2016 22:42:28 UTC] PHP Notice:  Trying to get property of non-object in /Users/rauldezamacona/Documents/sites/tnr/wp-content/themes/Parallax-One/sections/parallax_one_our_services_section.php on line 36
[02-May-2016 22:42:28 UTC] PHP Notice:  Undefined variable: value in /Users/rauldezamacona/Documents/sites/tnr/wp-content/themes/Parallax-One/sections/parallax_one_our_services_section.php on line 33
[02-May-2016 22:42:28 UTC] PHP Notice:  Undefined variable: value in /Users/rauldezamacona/Documents/sites/tnr/wp-content/themes/Parallax-One/sections/parallax_one_our_services_section.php on line 36
[02-May-2016 22:42:28 UTC] PHP Notice:  Trying to get property of non-object in /Users/rauldezamacona/Documents/sites/tnr/wp-content/themes/Parallax-One/sections/parallax_one_our_services_section.php on line 36
[02-May-2016 22:51:50 UTC] PHP Notice:  Use of undefined constant THEMEPATH - assumed 'THEMEPATH' in /Users/rauldezamacona/Documents/sites/tnr/wp-content/themes/Parallax-One/sections/parallax_one_our_services_section.php on line 36
[02-May-2016 22:51:50 UTC] PHP Notice:  Use of undefined constant THEMEPATH - assumed 'THEMEPATH' in /Users/rauldezamacona/Documents/sites/tnr/wp-content/themes/Parallax-One/sections/parallax_one_our_services_section.php on line 36
[02-May-2016 22:51:50 UTC] PHP Notice:  Use of undefined constant THEMEPATH - assumed 'THEMEPATH' in /Users/rauldezamacona/Documents/sites/tnr/wp-content/themes/Parallax-One/sections/parallax_one_our_services_section.php on line 36
[03-May-2016 09:23:44 UTC] PHP Warning:  Ha sucedido un error inesperado. Puede que haya un problema con WordPress.org o con la configuración de este servidor. Si continuas teniendo problemas, por favor prueba en los <a href="https://es.forums.wordpress.org">foros de soporte</a>. (WordPress no pudo establecer una conexión segura con WordPress.org. Por favor, contacta con el administrador de tu servidor.) in /Users/rauldezamacona/Documents/sites/tnr/wp-includes/update.php on line 123
[03-May-2016 11:24:06 UTC] PHP Warning:  Ha sucedido un error inesperado. Puede que haya un problema con WordPress.org o con la configuración de este servidor. Si continuas teniendo problemas, por favor prueba en los <a href="https://es.forums.wordpress.org">foros de soporte</a>. (WordPress no pudo establecer una conexión segura con WordPress.org. Por favor, contacta con el administrador de tu servidor.) in /Users/rauldezamacona/Documents/sites/tnr/wp-includes/update.php on line 303
[03-May-2016 13:04:21 UTC] PHP Warning:  Ha sucedido un error inesperado. Puede que haya un problema con WordPress.org o con la configuración de este servidor. Si continuas teniendo problemas, por favor prueba en los <a href="https://es.forums.wordpress.org">foros de soporte</a>. (WordPress no pudo establecer una conexión segura con WordPress.org. Por favor, contacta con el administrador de tu servidor.) in /Users/rauldezamacona/Documents/sites/tnr/wp-includes/update.php on line 467
[03-May-2016 16:20:08 UTC] PHP Parse error:  syntax error, unexpected end of file in /Users/rauldezamacona/Documents/sites/tnr/wp-content/themes/Parallax-One/sections/parallax_one_our_team_section.php on line 224
[03-May-2016 16:21:09 UTC] PHP Notice:  Undefined variable: puertas in /Users/rauldezamacona/Documents/sites/tnr/wp-content/themes/Parallax-One/sections/parallax_one_our_team_section.php on line 179
[03-May-2016 16:21:09 UTC] PHP Fatal error:  Call to a member function have_posts() on null in /Users/rauldezamacona/Documents/sites/tnr/wp-content/themes/Parallax-One/sections/parallax_one_our_team_section.php on line 179
[03-May-2016 17:07:50 UTC] PHP Notice:  Trying to get property of non-object in /Users/rauldezamacona/Documents/sites/tnr/wp-content/themes/Parallax-One/sections/parallax_one_logos_section.php on line 11
[03-May-2016 17:23:18 UTC] PHP Parse error:  syntax error, unexpected '}' in /Users/rauldezamacona/Documents/sites/tnr/wp-content/themes/Parallax-One/sections/parallax_one_happy_customers_section.php on line 164
[03-May-2016 17:24:12 UTC] PHP Parse error:  syntax error, unexpected '}' in /Users/rauldezamacona/Documents/sites/tnr/wp-content/themes/Parallax-One/sections/parallax_one_happy_customers_section.php on line 166
[03-May-2016 17:24:40 UTC] PHP Notice:  Undefined variable: no_id in /Users/rauldezamacona/Documents/sites/tnr/wp-content/themes/Parallax-One/sections/parallax_one_happy_customers_section.php on line 145
[03-May-2016 17:24:40 UTC] PHP Notice:  Undefined variable: puertas in /Users/rauldezamacona/Documents/sites/tnr/wp-content/themes/Parallax-One/sections/parallax_one_happy_customers_section.php on line 154
[03-May-2016 17:24:40 UTC] PHP Fatal error:  Call to a member function have_posts() on null in /Users/rauldezamacona/Documents/sites/tnr/wp-content/themes/Parallax-One/sections/parallax_one_happy_customers_section.php on line 154
[03-May-2016 17:24:43 UTC] PHP Notice:  Undefined variable: no_id in /Users/rauldezamacona/Documents/sites/tnr/wp-content/themes/Parallax-One/sections/parallax_one_happy_customers_section.php on line 145
[03-May-2016 17:24:43 UTC] PHP Notice:  Undefined variable: puertas in /Users/rauldezamacona/Documents/sites/tnr/wp-content/themes/Parallax-One/sections/parallax_one_happy_customers_section.php on line 154
[03-May-2016 17:24:43 UTC] PHP Fatal error:  Call to a member function have_posts() on null in /Users/rauldezamacona/Documents/sites/tnr/wp-content/themes/Parallax-One/sections/parallax_one_happy_customers_section.php on line 154
[03-May-2016 17:25:13 UTC] PHP Notice:  Undefined variable: no_id in /Users/rauldezamacona/Documents/sites/tnr/wp-content/themes/Parallax-One/sections/parallax_one_happy_customers_section.php on line 145
[03-May-2016 17:25:18 UTC] PHP Notice:  Undefined variable: no_id in /Users/rauldezamacona/Documents/sites/tnr/wp-content/themes/Parallax-One/sections/parallax_one_happy_customers_section.php on line 145
